  AssetManager.cpp
C:\Users\dimit\OneDrive\Desktop\DungeonVers\version7\OpenGl_DungeonGame\Source\AssetManager.hpp(3,10): fatal  error C1083: Cannot open include file: 'SDL2/SDL.h': No such file or directory
  CollidableNode.cpp
C:\Users\dimit\OneDrive\Desktop\DungeonVers\version7\OpenGl_DungeonGame\Source\GeometricMesh.h(5,10): fatal  error C1083: Cannot open include file: 'glm\glm.hpp': No such file or directory
  GeometricMesh.cpp
C:\Users\dimit\OneDrive\Desktop\DungeonVers\version7\OpenGl_DungeonGame\Source\GeometricMesh.h(5,10): fatal  error C1083: Cannot open include file: 'glm\glm.hpp': No such file or directory
  GeometryNode.cpp
C:\Users\dimit\OneDrive\Desktop\DungeonVers\version7\OpenGl_DungeonGame\Source\GeometryNode.h(5,10): fatal  error C1083: Cannot open include file: 'GLEW\glew.h': No such file or directory
  LightNode.cpp
C:\Users\dimit\OneDrive\Desktop\DungeonVers\version7\OpenGl_DungeonGame\Source\LightNode.h(4,10): fatal  error C1083: Cannot open include file: 'glm/glm.hpp': No such file or directory
  main.cpp
C:\Users\dimit\OneDrive\Desktop\DungeonVers\version7\OpenGl_DungeonGame\Source\main.cpp(1,10): fatal  error C1083: Cannot open include file: 'SDL2/SDL.h': No such file or directory
  OBJLoader.cpp
C:\Users\dimit\OneDrive\Desktop\DungeonVers\version7\OpenGl_DungeonGame\Source\ObjLoader.h(3,10): fatal  error C1083: Cannot open include file: 'glm/glm.hpp': No such file or directory
  Renderer.cpp
C:\Users\dimit\OneDrive\Desktop\DungeonVers\version7\OpenGl_DungeonGame\Source\Renderer.h(4,10): fatal  error C1083: Cannot open include file: 'GLEW\glew.h': No such file or directory
  ShaderProgram.cpp
C:\Users\dimit\OneDrive\Desktop\DungeonVers\version7\OpenGl_DungeonGame\Source\ShaderProgram.h(7,10): fatal  error C1083: Cannot open include file: 'GLEW\glew.h': No such file or directory
  TextureManager.cpp
C:\Users\dimit\OneDrive\Desktop\DungeonVers\version7\OpenGl_DungeonGame\Source\TextureManager.h(4,10): fatal  error C1083: Cannot open include file: 'SDL2/SDL.h': No such file or directory
  Tools.cpp
C:\Users\dimit\OneDrive\Desktop\DungeonVers\version7\OpenGl_DungeonGame\Source\Tools.h(2,10): fatal  error C1083: Cannot open include file: 'GLEW\glew.h': No such file or directory
  Generating Code...
